This is pdfTeX, Version 3.14159265-2.6-1.40.16 (TeX Live 2015/Debian) (preloaded format=pdflatex 2016.3.30)  16 APR 2016 11:44
entering extended mode
 restricted \write18 enabled.
 %&-line parsing enabled.
**tes2.tex
(/mnt/wind/fasilkom/skripsi/laporanskripsi/tex-training/workspace/tes2.tex
LaTeX2e <2015/01/01>
Babel <3.9l> and hyphenation patterns for 2 languages loaded.
(/usr/share/texlive/texmf-dist/tex/latex/base/article.cls
Document Class: article 2014/09/29 v1.4h Standard LaTeX document class
(/usr/share/texlive/texmf-dist/tex/latex/base/size12.clo
File: size12.clo 2014/09/29 v1.4h Standard LaTeX file (size option)
)
\c@part=\count79
\c@section=\count80
\c@subsection=\count81
\c@subsubsection=\count82
\c@paragraph=\count83
\c@subparagraph=\count84
\c@figure=\count85
\c@table=\count86
\abovecaptionskip=\skip41
\belowcaptionskip=\skip42
\bibindent=\dimen102
)
(/mnt/wind/fasilkom/skripsi/laporanskripsi/tex-training/workspace/tes2.aux
(/mnt/wind/fasilkom/skripsi/laporanskripsi/tex-training/workspace/amsmath.aux))
\openout1 = `tes2.aux'.

LaTeX Font Info:    Checking defaults for OML/cmm/m/it on input line 16.
LaTeX Font Info:    ... okay on input line 16.
LaTeX Font Info:    Checking defaults for T1/cmr/m/n on input line 16.
LaTeX Font Info:    ... okay on input line 16.
LaTeX Font Info:    Checking defaults for OT1/cmr/m/n on input line 16.
LaTeX Font Info:    ... okay on input line 16.
LaTeX Font Info:    Checking defaults for OMS/cmsy/m/n on input line 16.
LaTeX Font Info:    ... okay on input line 16.
LaTeX Font Info:    Checking defaults for OMX/cmex/m/n on input line 16.
LaTeX Font Info:    ... okay on input line 16.
LaTeX Font Info:    Checking defaults for U/cmr/m/n on input line 16.
LaTeX Font Info:    ... okay on input line 16.
\openout2 = `amsmath.aux'.

No file amsmath.tex.
(/mnt/wind/fasilkom/skripsi/laporanskripsi/tex-training/workspace/tes2.aux
(/mnt/wind/fasilkom/skripsi/laporanskripsi/tex-training/workspace/amsmath.aux))
 ) 
Here is how much of TeX's memory you used:
 208 strings out of 495000
 2964 string characters out of 6181169
 47626 words of memory out of 5000000
 3524 multiletter control sequences out of 15000+600000
 3938 words of font info for 15 fonts, out of 8000000 for 9000
 14 hyphenation exceptions out of 8191
 22i,1n,19p,110b,36s stack positions out of 5000i,500n,10000p,200000b,80000s

No pages of output.
PDF statistics:
 0 PDF objects out of 1000 (max. 8388607)
 0 named destinations out of 1000 (max. 500000)
 1 words of extra memory for PDF output out of 10000 (max. 10000000)

