\BOOKMARK [0][-]{section*.2}{HALAMAN JUDUL}{}% 1
\BOOKMARK [0][-]{section*.4}{LEMBAR PERNYATAAN ORISINALITAS}{}% 2
\BOOKMARK [0][-]{section*.5}{LEMBAR PENGESAHAN}{}% 3
\BOOKMARK [0][-]{section*.6}{Kata Pengantar}{}% 4
\BOOKMARK [0][-]{section*.7}{LEMBAR PERSETUJUAN PUBLIKASI ILMIAH}{}% 5
\BOOKMARK [0][-]{section*.8}{ABSTRAK}{}% 6
\BOOKMARK [0][-]{section*.8}{Daftar Isi}{}% 7
\BOOKMARK [0][-]{section*.8}{Daftar Gambar}{}% 8
\BOOKMARK [0][-]{section*.8}{Daftar Tabel}{}% 9
\BOOKMARK [0][-]{section*.8}{Daftar Kode}{}% 10
\BOOKMARK [0][-]{chapter.1}{1 Pendahuluan}{}% 11
\BOOKMARK [1][-]{section.1.1}{1.1 Latar Belakang}{chapter.1}% 12
\BOOKMARK [1][-]{section.1.2}{1.2 Perumusan Masalah}{chapter.1}% 13
\BOOKMARK [1][-]{section.1.3}{1.3 Tujuan dan Manfaat Penelitian}{chapter.1}% 14
\BOOKMARK [1][-]{section.1.4}{1.4 Tahapan Penelitian}{chapter.1}% 15
\BOOKMARK [1][-]{section.1.5}{1.5 Ruang Lingkup Penelitian}{chapter.1}% 16
\BOOKMARK [1][-]{section.1.6}{1.6 Sistematika Penulisan}{chapter.1}% 17
\BOOKMARK [0][-]{chapter.2}{2 Landasan Teori}{}% 18
\BOOKMARK [1][-]{section.2.1}{2.1 X si sesuatu}{chapter.2}% 19
\BOOKMARK [2][-]{subsection.2.1.1}{2.1.1 Pengertian X}{section.2.1}% 20
\BOOKMARK [2][-]{subsection.2.1.2}{2.1.2 Klasifikasi X}{section.2.1}% 21
\BOOKMARK [1][-]{section.2.2}{2.2 Section in Eng}{chapter.2}% 22
\BOOKMARK [2][-]{subsection.2.2.1}{2.2.1 Pengertian Section in Eng}{section.2.2}% 23
\BOOKMARK [2][-]{subsection.2.2.2}{2.2.2 Next Subsection Section in Eng}{section.2.2}% 24
\BOOKMARK [1][-]{section.2.3}{2.3 Keatas lagi}{chapter.2}% 25
\BOOKMARK [2][-]{subsection.2.3.1}{2.3.1 Masuk lagi}{section.2.3}% 26
\BOOKMARK [0][-]{chapter.3}{3 Aplikasi Yang Digunakan}{}% 27
\BOOKMARK [1][-]{section.3.1}{3.1 NPACI Rocks}{chapter.3}% 28
\BOOKMARK [2][-]{subsection.3.1.1}{3.1.1 XZXX}{section.3.1}% 29
\BOOKMARK [2][-]{subsection.3.1.2}{3.1.2 Rocks Rolls}{section.3.1}% 30
\BOOKMARK [1][-]{section.3.2}{3.2 Mengubah Tampilan Teks}{chapter.3}% 31
\BOOKMARK [1][-]{section.3.3}{3.3 Memberikan Catatan}{chapter.3}% 32
\BOOKMARK [1][-]{section.3.4}{3.4 Menambah Isi Daftar Isi}{chapter.3}% 33
\BOOKMARK [0][-]{chapter.4}{4 Perancangan Implementasi dan Analisis}{}% 34
\BOOKMARK [1][-]{section.4.1}{4.1 Membuat Tabel}{chapter.4}% 35
\BOOKMARK [1][-]{section.4.2}{4.2 thesis.tex}{chapter.4}% 36
\BOOKMARK [1][-]{section.4.3}{4.3 laporan\137setting.tex}{chapter.4}% 37
\BOOKMARK [1][-]{section.4.4}{4.4 istilah.tex}{chapter.4}% 38
\BOOKMARK [1][-]{section.4.5}{4.5 hype.indonesia.tex}{chapter.4}% 39
\BOOKMARK [0][-]{chapter.5}{5 Implementasi dan Pengujian}{}% 40
\BOOKMARK [1][-]{section.5.1}{5.1 Implementasi Cluster}{chapter.5}% 41
\BOOKMARK [2][-]{subsection.5.1.1}{5.1.1 Instalasi Frontend}{section.5.1}% 42
\BOOKMARK [2][-]{subsection.5.1.2}{5.1.2 Konfigurasi}{section.5.1}% 43
\BOOKMARK [3][-]{subsubsection.5.1.2.1}{5.1.2.1 semakin ke dalam}{subsection.5.1.2}% 44
\BOOKMARK [1][-]{section.5.2}{5.2 Pengujian}{chapter.5}% 45
\BOOKMARK [2][-]{subsection.5.2.1}{5.2.1 Kasus Uji}{section.5.2}% 46
\BOOKMARK [2][-]{subsection.5.2.2}{5.2.2 Kasus Uji}{section.5.2}% 47
\BOOKMARK [0][-]{chapter.6}{6 Hasil Implementasi dan Evaluasi}{}% 48
\BOOKMARK [1][-]{section.6.1}{6.1 Hasil Pengujian}{chapter.6}% 49
\BOOKMARK [2][-]{subsection.6.1.1}{6.1.1 Hasil Pengujian Kasus Uji 1}{section.6.1}% 50
\BOOKMARK [1][-]{section.6.2}{6.2 Evaluasi Hasil Kasus Uji}{chapter.6}% 51
\BOOKMARK [2][-]{subsection.6.2.1}{6.2.1 Evaluasi Kasus Uji 1}{section.6.2}% 52
\BOOKMARK [0][-]{chapter.7}{7 Kesimpulan dan Saran}{}% 53
\BOOKMARK [1][-]{section.7.1}{7.1 Kesimpulan}{chapter.7}% 54
\BOOKMARK [1][-]{section.7.2}{7.2 Saran}{chapter.7}% 55
\BOOKMARK [0][-]{section.7.2}{Daftar Referensi}{}% 56
\BOOKMARK [0][-]{section*.29}{LAMPIRAN}{}% 57
\BOOKMARK [0][-]{section*.30}{Lampiran 1 : Kode Sumber}{}% 58
\BOOKMARK [0][-]{section*.33}{Lampiran 2 : Berkas Konfigurasi}{}% 59
\BOOKMARK [0][-]{section*.35}{Lampiran 8 : UAT dan Kuesioner}{}% 60
